{"C:\\Users\\being\\Repo\\product\\src\\App.js": {"path":"C:\\Users\\being\\Repo\\product\\src\\App.js","statementMap":{"0":{"start":{"line":23,"column":20},"end":{"line":23,"column":60}},"1":{"start":{"line":23,"column":43},"end":{"line":23,"column":59}},"2":{"start":{"line":24,"column":24},"end":{"line":24,"column":83}},"3":{"start":{"line":24,"column":58},"end":{"line":24,"column":79}},"4":{"start":{"line":26,"column":16},"end":{"line":26,"column":26}},"5":{"start":{"line":27,"column":19},"end":{"line":27,"column":62}},"6":{"start":{"line":28,"column":34},"end":{"line":28,"column":54}},"7":{"start":{"line":30,"column":25},"end":{"line":30,"column":60}},"8":{"start":{"line":30,"column":32},"end":{"line":30,"column":60}},"9":{"start":{"line":31,"column":26},"end":{"line":31,"column":49}},"10":{"start":{"line":31,"column":32},"end":{"line":31,"column":49}},"11":{"start":{"line":33,"column":2},"end":{"line":73,"column":4}},"12":{"start":{"line":77,"column":28},"end":{"line":77,"column":73}},"13":{"start":{"line":79,"column":29},"end":{"line":79,"column":55}},"14":{"start":{"line":79,"column":40},"end":{"line":79,"column":55}},"15":{"start":{"line":80,"column":23},"end":{"line":83,"column":3}},"16":{"start":{"line":81,"column":4},"end":{"line":81,"column":37}},"17":{"start":{"line":82,"column":4},"end":{"line":82,"column":19}},"18":{"start":{"line":85,"column":2},"end":{"line":110,"column":4}},"19":{"start":{"line":94,"column":80},"end":{"line":94,"column":113}},"20":{"start":{"line":95,"column":93},"end":{"line":95,"column":126}}},"fnMap":{"0":{"name":"Navbar","decl":{"start":{"line":22,"column":9},"end":{"line":22,"column":15}},"loc":{"start":{"line":22,"column":30},"end":{"line":74,"column":1}},"line":22},"1":{"name":"(anonymous_1)","decl":{"start":{"line":23,"column":32},"end":{"line":23,"column":33}},"loc":{"start":{"line":23,"column":43},"end":{"line":23,"column":59}},"line":23},"2":{"name":"(anonymous_2)","decl":{"start":{"line":24,"column":41},"end":{"line":24,"column":42}},"loc":{"start":{"line":24,"column":58},"end":{"line":24,"column":79}},"line":24},"3":{"name":"(anonymous_3)","decl":{"start":{"line":30,"column":25},"end":{"line":30,"column":26}},"loc":{"start":{"line":30,"column":32},"end":{"line":30,"column":60}},"line":30},"4":{"name":"(anonymous_4)","decl":{"start":{"line":31,"column":26},"end":{"line":31,"column":27}},"loc":{"start":{"line":31,"column":32},"end":{"line":31,"column":49}},"line":31},"5":{"name":"App","decl":{"start":{"line":76,"column":9},"end":{"line":76,"column":12}},"loc":{"start":{"line":76,"column":15},"end":{"line":111,"column":1}},"line":76},"6":{"name":"(anonymous_6)","decl":{"start":{"line":79,"column":29},"end":{"line":79,"column":30}},"loc":{"start":{"line":79,"column":40},"end":{"line":79,"column":55}},"line":79},"7":{"name":"(anonymous_7)","decl":{"start":{"line":80,"column":23},"end":{"line":80,"column":24}},"loc":{"start":{"line":80,"column":29},"end":{"line":83,"column":3}},"line":80},"8":{"name":"(anonymous_8)","decl":{"start":{"line":94,"column":74},"end":{"line":94,"column":75}},"loc":{"start":{"line":94,"column":80},"end":{"line":94,"column":113}},"line":94},"9":{"name":"(anonymous_9)","decl":{"start":{"line":95,"column":87},"end":{"line":95,"column":88}},"loc":{"start":{"line":95,"column":93},"end":{"line":95,"column":126}},"line":95}},"branchMap":{"0":{"loc":{"start":{"line":46,"column":11},"end":{"line":69,"column":11}},"type":"cond-expr","locations":[{"start":{"line":47,"column":12},"end":{"line":59,"column":15}},{"start":{"line":61,"column":12},"end":{"line":68,"column":18}}],"line":46},"1":{"loc":{"start":{"line":89,"column":11},"end":{"line":89,"column":54}},"type":"binary-expr","locations":[{"start":{"line":89,"column":11},"end":{"line":89,"column":16}},{"start":{"line":89,"column":20},"end":{"line":89,"column":54}}],"line":89},"2":{"loc":{"start":{"line":91,"column":13},"end":{"line":105,"column":13}},"type":"cond-expr","locations":[{"start":{"line":92,"column":14},"end":{"line":97,"column":17}},{"start":{"line":99,"column":14},"end":{"line":104,"column":17}}],"line":91}},"s":{"0":0,"1":0,"2":0,"3":0,"4":0,"5":0,"6":0,"7":0,"8":0,"9":0,"10":0,"11":0,"12":10,"13":9,"14":0,"15":9,"16":0,"17":0,"18":9,"19":0,"20":0},"f":{"0":0,"1":0,"2":0,"3":0,"4":0,"5":10,"6":0,"7":0,"8":0,"9":0},"b":{"0":[0,0],"1":[9,0],"2":[9,0]},"_coverageSchema":"1a1c01bbd47fc00a2c39e90264f33305004495a9","hash":"d447de09bba0423fe353a769b386b1ebd5c7e5f5"}
,"C:\\Users\\being\\Repo\\product\\src\\components\\cart.js": {"path":"C:\\Users\\being\\Repo\\product\\src\\components\\cart.js","statementMap":{"0":{"start":{"line":28,"column":19},"end":{"line":28,"column":32}},"1":{"start":{"line":29,"column":19},"end":{"line":29,"column":32}},"2":{"start":{"line":30,"column":20},"end":{"line":30,"column":60}},"3":{"start":{"line":30,"column":43},"end":{"line":30,"column":59}},"4":{"start":{"line":31,"column":18},"end":{"line":31,"column":60}},"5":{"start":{"line":31,"column":41},"end":{"line":31,"column":59}},"6":{"start":{"line":33,"column":27},"end":{"line":38,"column":3}},"7":{"start":{"line":34,"column":4},"end":{"line":34,"column":36}},"8":{"start":{"line":35,"column":4},"end":{"line":37,"column":12}},"9":{"start":{"line":36,"column":6},"end":{"line":36,"column":47}},"10":{"start":{"line":40,"column":25},"end":{"line":46,"column":3}},"11":{"start":{"line":41,"column":4},"end":{"line":45,"column":6}},"12":{"start":{"line":43,"column":8},"end":{"line":43,"column":65}},"13":{"start":{"line":48,"column":2},"end":{"line":253,"column":4}},"14":{"start":{"line":57,"column":25},"end":{"line":57,"column":37}},"15":{"start":{"line":78,"column":27},"end":{"line":78,"column":40}},"16":{"start":{"line":89,"column":16},"end":{"line":188,"column":22}},"17":{"start":{"line":138,"column":28},"end":{"line":145,"column":29}},"18":{"start":{"line":139,"column":30},"end":{"line":144,"column":32}},"19":{"start":{"line":166,"column":28},"end":{"line":171,"column":29}},"20":{"start":{"line":177,"column":41},"end":{"line":177,"column":71}},"21":{"start":{"line":244,"column":31},"end":{"line":244,"column":52}}},"fnMap":{"0":{"name":"Cart","decl":{"start":{"line":27,"column":9},"end":{"line":27,"column":13}},"loc":{"start":{"line":27,"column":16},"end":{"line":254,"column":1}},"line":27},"1":{"name":"(anonymous_1)","decl":{"start":{"line":30,"column":32},"end":{"line":30,"column":33}},"loc":{"start":{"line":30,"column":43},"end":{"line":30,"column":59}},"line":30},"2":{"name":"(anonymous_2)","decl":{"start":{"line":31,"column":30},"end":{"line":31,"column":31}},"loc":{"start":{"line":31,"column":41},"end":{"line":31,"column":59}},"line":31},"3":{"name":"(anonymous_3)","decl":{"start":{"line":33,"column":27},"end":{"line":33,"column":28}},"loc":{"start":{"line":33,"column":40},"end":{"line":38,"column":3}},"line":33},"4":{"name":"(anonymous_4)","decl":{"start":{"line":35,"column":15},"end":{"line":35,"column":16}},"loc":{"start":{"line":35,"column":21},"end":{"line":37,"column":5}},"line":35},"5":{"name":"(anonymous_5)","decl":{"start":{"line":40,"column":25},"end":{"line":40,"column":26}},"loc":{"start":{"line":40,"column":31},"end":{"line":46,"column":3}},"line":40},"6":{"name":"(anonymous_6)","decl":{"start":{"line":42,"column":6},"end":{"line":42,"column":7}},"loc":{"start":{"line":43,"column":8},"end":{"line":43,"column":65}},"line":43},"7":{"name":"(anonymous_7)","decl":{"start":{"line":57,"column":19},"end":{"line":57,"column":20}},"loc":{"start":{"line":57,"column":25},"end":{"line":57,"column":37}},"line":57},"8":{"name":"(anonymous_8)","decl":{"start":{"line":78,"column":21},"end":{"line":78,"column":22}},"loc":{"start":{"line":78,"column":27},"end":{"line":78,"column":40}},"line":78},"9":{"name":"(anonymous_9)","decl":{"start":{"line":88,"column":29},"end":{"line":88,"column":30}},"loc":{"start":{"line":89,"column":16},"end":{"line":188,"column":22}},"line":89},"10":{"name":"(anonymous_10)","decl":{"start":{"line":137,"column":35},"end":{"line":137,"column":36}},"loc":{"start":{"line":137,"column":41},"end":{"line":146,"column":27}},"line":137},"11":{"name":"(anonymous_11)","decl":{"start":{"line":165,"column":35},"end":{"line":165,"column":36}},"loc":{"start":{"line":166,"column":28},"end":{"line":171,"column":29}},"line":166},"12":{"name":"(anonymous_12)","decl":{"start":{"line":177,"column":35},"end":{"line":177,"column":36}},"loc":{"start":{"line":177,"column":41},"end":{"line":177,"column":71}},"line":177},"13":{"name":"(anonymous_13)","decl":{"start":{"line":244,"column":25},"end":{"line":244,"column":26}},"loc":{"start":{"line":244,"column":31},"end":{"line":244,"column":52}},"line":244}},"branchMap":{"0":{"loc":{"start":{"line":43,"column":46},"end":{"line":43,"column":64}},"type":"binary-expr","locations":[{"start":{"line":43,"column":46},"end":{"line":43,"column":59}},{"start":{"line":43,"column":63},"end":{"line":43,"column":64}}],"line":43},"1":{"loc":{"start":{"line":50,"column":7},"end":{"line":54,"column":7}},"type":"binary-expr","locations":[{"start":{"line":50,"column":7},"end":{"line":50,"column":14}},{"start":{"line":51,"column":8},"end":{"line":53,"column":14}}],"line":50},"2":{"loc":{"start":{"line":68,"column":7},"end":{"line":251,"column":7}},"type":"cond-expr","locations":[{"start":{"line":69,"column":8},"end":{"line":83,"column":16}},{"start":{"line":85,"column":8},"end":{"line":250,"column":15}}],"line":68},"3":{"loc":{"start":{"line":138,"column":28},"end":{"line":145,"column":29}},"type":"if","locations":[{"start":{"line":138,"column":28},"end":{"line":145,"column":29}},{"start":{},"end":{}}],"line":138}},"s":{"0":14,"1":14,"2":14,"3":28,"4":14,"5":28,"6":14,"7":1,"8":1,"9":0,"10":14,"11":22,"12":24,"13":14,"14":0,"15":0,"16":12,"17":0,"18":0,"19":0,"20":1,"21":1},"f":{"0":14,"1":28,"2":28,"3":1,"4":0,"5":22,"6":24,"7":0,"8":0,"9":12,"10":0,"11":0,"12":1,"13":1},"b":{"0":[24,0],"1":[14,2],"2":[3,11],"3":[0,0]},"_coverageSchema":"1a1c01bbd47fc00a2c39e90264f33305004495a9","hash":"71a8b66922a8f38fe45f7d63768a6779d6f32239"}
,"C:\\Users\\being\\Repo\\product\\src\\components\\favorites.js": {"path":"C:\\Users\\being\\Repo\\product\\src\\components\\favorites.js","statementMap":{"0":{"start":{"line":15,"column":20},"end":{"line":15,"column":65}},"1":{"start":{"line":15,"column":43},"end":{"line":15,"column":64}},"2":{"start":{"line":17,"column":2},"end":{"line":85,"column":4}},"3":{"start":{"line":78,"column":12},"end":{"line":80,"column":19}}},"fnMap":{"0":{"name":"Favorites","decl":{"start":{"line":14,"column":9},"end":{"line":14,"column":18}},"loc":{"start":{"line":14,"column":21},"end":{"line":86,"column":1}},"line":14},"1":{"name":"(anonymous_1)","decl":{"start":{"line":15,"column":32},"end":{"line":15,"column":33}},"loc":{"start":{"line":15,"column":43},"end":{"line":15,"column":64}},"line":15},"2":{"name":"(anonymous_2)","decl":{"start":{"line":77,"column":25},"end":{"line":77,"column":26}},"loc":{"start":{"line":78,"column":12},"end":{"line":80,"column":19}},"line":78}},"branchMap":{"0":{"loc":{"start":{"line":38,"column":7},"end":{"line":83,"column":7}},"type":"cond-expr","locations":[{"start":{"line":39,"column":8},"end":{"line":55,"column":16}},{"start":{"line":57,"column":8},"end":{"line":82,"column":15}}],"line":38}},"s":{"0":1,"1":2,"2":1,"3":1},"f":{"0":1,"1":2,"2":1},"b":{"0":[0,1]},"_coverageSchema":"1a1c01bbd47fc00a2c39e90264f33305004495a9","hash":"bda9ca578914c6a30899346fb097da3bdbb5ad06"}
,"C:\\Users\\being\\Repo\\product\\src\\components\\forgotPassword.js": {"path":"C:\\Users\\being\\Repo\\product\\src\\components\\forgotPassword.js","statementMap":{"0":{"start":{"line":11,"column":23},"end":{"line":77,"column":1}},"1":{"start":{"line":12,"column":28},"end":{"line":12,"column":40}},"2":{"start":{"line":13,"column":32},"end":{"line":13,"column":44}},"3":{"start":{"line":15,"column":23},"end":{"line":21,"column":3}},"4":{"start":{"line":16,"column":4},"end":{"line":16,"column":23}},"5":{"start":{"line":17,"column":4},"end":{"line":19,"column":6}},"6":{"start":{"line":20,"column":4},"end":{"line":20,"column":17}},"7":{"start":{"line":23,"column":2},"end":{"line":76,"column":4}},"8":{"start":{"line":45,"column":29},"end":{"line":45,"column":53}}},"fnMap":{"0":{"name":"(anonymous_0)","decl":{"start":{"line":11,"column":23},"end":{"line":11,"column":24}},"loc":{"start":{"line":11,"column":46},"end":{"line":77,"column":1}},"line":11},"1":{"name":"(anonymous_1)","decl":{"start":{"line":15,"column":23},"end":{"line":15,"column":24}},"loc":{"start":{"line":15,"column":30},"end":{"line":21,"column":3}},"line":15},"2":{"name":"(anonymous_2)","decl":{"start":{"line":45,"column":22},"end":{"line":45,"column":23}},"loc":{"start":{"line":45,"column":29},"end":{"line":45,"column":53}},"line":45}},"branchMap":{"0":{"loc":{"start":{"line":59,"column":11},"end":{"line":63,"column":11}},"type":"binary-expr","locations":[{"start":{"line":59,"column":11},"end":{"line":59,"column":18}},{"start":{"line":60,"column":12},"end":{"line":62,"column":20}}],"line":59}},"s":{"0":2,"1":7,"2":7,"3":7,"4":1,"5":1,"6":1,"7":7,"8":2},"f":{"0":7,"1":1,"2":2},"b":{"0":[7,1]},"_coverageSchema":"1a1c01bbd47fc00a2c39e90264f33305004495a9","hash":"37352d4a6522fe44e2c3d342e534654f1db85050"}
,"C:\\Users\\being\\Repo\\product\\src\\components\\login.js": {"path":"C:\\Users\\being\\Repo\\product\\src\\components\\login.js","statementMap":{"0":{"start":{"line":13,"column":14},"end":{"line":134,"column":1}},"1":{"start":{"line":14,"column":34},"end":{"line":14,"column":46}},"2":{"start":{"line":15,"column":34},"end":{"line":15,"column":46}},"3":{"start":{"line":16,"column":32},"end":{"line":16,"column":47}},"4":{"start":{"line":17,"column":28},"end":{"line":17,"column":40}},"5":{"start":{"line":18,"column":19},"end":{"line":18,"column":32}},"6":{"start":{"line":20,"column":22},"end":{"line":46,"column":3}},"7":{"start":{"line":21,"column":4},"end":{"line":21,"column":23}},"8":{"start":{"line":22,"column":4},"end":{"line":22,"column":17}},"9":{"start":{"line":23,"column":4},"end":{"line":23,"column":21}},"10":{"start":{"line":25,"column":4},"end":{"line":45,"column":5}},"11":{"start":{"line":26,"column":18},"end":{"line":33,"column":8}},"12":{"start":{"line":35,"column":6},"end":{"line":35,"column":67}},"13":{"start":{"line":35,"column":19},"end":{"line":35,"column":67}},"14":{"start":{"line":37,"column":19},"end":{"line":37,"column":35}},"15":{"start":{"line":38,"column":6},"end":{"line":38,"column":48}},"16":{"start":{"line":39,"column":6},"end":{"line":39,"column":33}},"17":{"start":{"line":40,"column":6},"end":{"line":40,"column":20}},"18":{"start":{"line":42,"column":6},"end":{"line":42,"column":28}},"19":{"start":{"line":44,"column":6},"end":{"line":44,"column":24}},"20":{"start":{"line":48,"column":23},"end":{"line":50,"column":3}},"21":{"start":{"line":49,"column":4},"end":{"line":49,"column":26}},"22":{"start":{"line":52,"column":29},"end":{"line":54,"column":3}},"23":{"start":{"line":53,"column":4},"end":{"line":53,"column":33}},"24":{"start":{"line":56,"column":2},"end":{"line":133,"column":4}},"25":{"start":{"line":86,"column":29},"end":{"line":86,"column":56}},"26":{"start":{"line":96,"column":29},"end":{"line":96,"column":56}}},"fnMap":{"0":{"name":"(anonymous_0)","decl":{"start":{"line":13,"column":14},"end":{"line":13,"column":15}},"loc":{"start":{"line":13,"column":38},"end":{"line":134,"column":1}},"line":13},"1":{"name":"(anonymous_1)","decl":{"start":{"line":20,"column":22},"end":{"line":20,"column":23}},"loc":{"start":{"line":20,"column":35},"end":{"line":46,"column":3}},"line":20},"2":{"name":"(anonymous_2)","decl":{"start":{"line":48,"column":23},"end":{"line":48,"column":24}},"loc":{"start":{"line":48,"column":29},"end":{"line":50,"column":3}},"line":48},"3":{"name":"(anonymous_3)","decl":{"start":{"line":52,"column":29},"end":{"line":52,"column":30}},"loc":{"start":{"line":52,"column":35},"end":{"line":54,"column":3}},"line":52},"4":{"name":"(anonymous_4)","decl":{"start":{"line":86,"column":22},"end":{"line":86,"column":23}},"loc":{"start":{"line":86,"column":29},"end":{"line":86,"column":56}},"line":86},"5":{"name":"(anonymous_5)","decl":{"start":{"line":96,"column":22},"end":{"line":96,"column":23}},"loc":{"start":{"line":96,"column":29},"end":{"line":96,"column":56}},"line":96}},"branchMap":{"0":{"loc":{"start":{"line":35,"column":6},"end":{"line":35,"column":67}},"type":"if","locations":[{"start":{"line":35,"column":6},"end":{"line":35,"column":67}},{"start":{},"end":{}}],"line":35},"1":{"loc":{"start":{"line":100,"column":11},"end":{"line":104,"column":11}},"type":"binary-expr","locations":[{"start":{"line":100,"column":11},"end":{"line":100,"column":16}},{"start":{"line":101,"column":12},"end":{"line":103,"column":20}}],"line":100},"2":{"loc":{"start":{"line":114,"column":13},"end":{"line":114,"column":79}},"type":"cond-expr","locations":[{"start":{"line":114,"column":23},"end":{"line":114,"column":69}},{"start":{"line":114,"column":72},"end":{"line":114,"column":79}}],"line":114}},"s":{"0":2,"1":11,"2":11,"3":11,"4":11,"5":11,"6":11,"7":1,"8":1,"9":1,"10":1,"11":1,"12":1,"13":1,"14":0,"15":0,"16":0,"17":0,"18":1,"19":1,"20":11,"21":0,"22":11,"23":0,"24":11,"25":2,"26":2},"f":{"0":11,"1":1,"2":0,"3":0,"4":2,"5":2},"b":{"0":[1,0],"1":[11,1],"2":[1,10]},"_coverageSchema":"1a1c01bbd47fc00a2c39e90264f33305004495a9","hash":"b31e41e0ccc8a4b15642c167648d3c9602c45d90"}
,"C:\\Users\\being\\Repo\\product\\src\\components\\productCard.js": {"path":"C:\\Users\\being\\Repo\\product\\src\\components\\productCard.js","statementMap":{"0":{"start":{"line":27,"column":19},"end":{"line":27,"column":32}},"1":{"start":{"line":28,"column":20},"end":{"line":28,"column":65}},"2":{"start":{"line":28,"column":43},"end":{"line":28,"column":64}},"3":{"start":{"line":29,"column":36},"end":{"line":29,"column":51}},"4":{"start":{"line":30,"column":46},"end":{"line":30,"column":61}},"5":{"start":{"line":31,"column":21},"end":{"line":31,"column":69}},"6":{"start":{"line":31,"column":46},"end":{"line":31,"column":68}},"7":{"start":{"line":33,"column":25},"end":{"line":50,"column":3}},"8":{"start":{"line":34,"column":4},"end":{"line":34,"column":26}},"9":{"start":{"line":34,"column":19},"end":{"line":34,"column":26}},"10":{"start":{"line":35,"column":4},"end":{"line":35,"column":23}},"11":{"start":{"line":37,"column":4},"end":{"line":49,"column":5}},"12":{"start":{"line":38,"column":6},"end":{"line":38,"column":43}},"13":{"start":{"line":39,"column":6},"end":{"line":42,"column":14}},"14":{"start":{"line":40,"column":8},"end":{"line":40,"column":54}},"15":{"start":{"line":41,"column":8},"end":{"line":41,"column":28}},"16":{"start":{"line":44,"column":6},"end":{"line":44,"column":38}},"17":{"start":{"line":45,"column":6},"end":{"line":48,"column":14}},"18":{"start":{"line":46,"column":8},"end":{"line":46,"column":49}},"19":{"start":{"line":47,"column":8},"end":{"line":47,"column":28}},"20":{"start":{"line":52,"column":26},"end":{"line":60,"column":3}},"21":{"start":{"line":53,"column":4},"end":{"line":53,"column":23}},"22":{"start":{"line":54,"column":4},"end":{"line":54,"column":28}},"23":{"start":{"line":55,"column":4},"end":{"line":55,"column":31}},"24":{"start":{"line":56,"column":4},"end":{"line":59,"column":12}},"25":{"start":{"line":57,"column":6},"end":{"line":57,"column":42}},"26":{"start":{"line":58,"column":6},"end":{"line":58,"column":31}},"27":{"start":{"line":62,"column":2},"end":{"line":244,"column":4}}},"fnMap":{"0":{"name":"ProductCard","decl":{"start":{"line":26,"column":9},"end":{"line":26,"column":20}},"loc":{"start":{"line":26,"column":34},"end":{"line":245,"column":1}},"line":26},"1":{"name":"(anonymous_1)","decl":{"start":{"line":28,"column":32},"end":{"line":28,"column":33}},"loc":{"start":{"line":28,"column":43},"end":{"line":28,"column":64}},"line":28},"2":{"name":"(anonymous_2)","decl":{"start":{"line":31,"column":36},"end":{"line":31,"column":37}},"loc":{"start":{"line":31,"column":46},"end":{"line":31,"column":68}},"line":31},"3":{"name":"(anonymous_3)","decl":{"start":{"line":33,"column":25},"end":{"line":33,"column":26}},"loc":{"start":{"line":33,"column":31},"end":{"line":50,"column":3}},"line":33},"4":{"name":"(anonymous_4)","decl":{"start":{"line":39,"column":17},"end":{"line":39,"column":18}},"loc":{"start":{"line":39,"column":23},"end":{"line":42,"column":7}},"line":39},"5":{"name":"(anonymous_5)","decl":{"start":{"line":45,"column":17},"end":{"line":45,"column":18}},"loc":{"start":{"line":45,"column":23},"end":{"line":48,"column":7}},"line":45},"6":{"name":"(anonymous_6)","decl":{"start":{"line":52,"column":26},"end":{"line":52,"column":27}},"loc":{"start":{"line":52,"column":33},"end":{"line":60,"column":3}},"line":52},"7":{"name":"(anonymous_7)","decl":{"start":{"line":56,"column":15},"end":{"line":56,"column":16}},"loc":{"start":{"line":56,"column":21},"end":{"line":59,"column":5}},"line":56}},"branchMap":{"0":{"loc":{"start":{"line":34,"column":4},"end":{"line":34,"column":26}},"type":"if","locations":[{"start":{"line":34,"column":4},"end":{"line":34,"column":26}},{"start":{},"end":{}}],"line":34},"1":{"loc":{"start":{"line":37,"column":4},"end":{"line":49,"column":5}},"type":"if","locations":[{"start":{"line":37,"column":4},"end":{"line":49,"column":5}},{"start":{"line":43,"column":11},"end":{"line":49,"column":5}}],"line":37},"2":{"loc":{"start":{"line":197,"column":14},"end":{"line":201,"column":15}},"type":"cond-expr","locations":[{"start":{"line":198,"column":16},"end":{"line":198,"column":46}},{"start":{"line":200,"column":16},"end":{"line":200,"column":36}}],"line":197},"3":{"loc":{"start":{"line":216,"column":19},"end":{"line":216,"column":51}},"type":"cond-expr","locations":[{"start":{"line":216,"column":32},"end":{"line":216,"column":39}},{"start":{"line":216,"column":42},"end":{"line":216,"column":51}}],"line":216},"4":{"loc":{"start":{"line":220,"column":14},"end":{"line":220,"column":71}},"type":"cond-expr","locations":[{"start":{"line":220,"column":27},"end":{"line":220,"column":50}},{"start":{"line":220,"column":53},"end":{"line":220,"column":71}}],"line":220},"5":{"loc":{"start":{"line":227,"column":13},"end":{"line":227,"column":67}},"type":"cond-expr","locations":[{"start":{"line":227,"column":26},"end":{"line":227,"column":42}},{"start":{"line":227,"column":45},"end":{"line":227,"column":67}}],"line":227},"6":{"loc":{"start":{"line":228,"column":13},"end":{"line":239,"column":13}},"type":"binary-expr","locations":[{"start":{"line":228,"column":13},"end":{"line":228,"column":22}},{"start":{"line":229,"column":14},"end":{"line":238,"column":16}}],"line":228}},"s":{"0":13,"1":13,"2":28,"3":13,"4":13,"5":13,"6":3,"7":13,"8":1,"9":0,"10":1,"11":1,"12":0,"13":0,"14":0,"15":0,"16":1,"17":1,"18":0,"19":0,"20":13,"21":1,"22":1,"23":1,"24":1,"25":0,"26":0,"27":13},"f":{"0":13,"1":28,"2":3,"3":1,"4":0,"5":0,"6":1,"7":0},"b":{"0":[0,1],"1":[0,1],"2":[1,12],"3":[3,10],"4":[3,10],"5":[3,10],"6":[13,1]},"_coverageSchema":"1a1c01bbd47fc00a2c39e90264f33305004495a9","hash":"be2f477c6fcd5dbd611d1d18801e0a6e03a63fa6"}
,"C:\\Users\\being\\Repo\\product\\src\\components\\productDetail.js": {"path":"C:\\Users\\being\\Repo\\product\\src\\components\\productDetail.js","statementMap":{"0":{"start":{"line":32,"column":17},"end":{"line":32,"column":28}},"1":{"start":{"line":33,"column":19},"end":{"line":33,"column":32}},"2":{"start":{"line":34,"column":19},"end":{"line":34,"column":32}},"3":{"start":{"line":35,"column":36},"end":{"line":35,"column":51}},"4":{"start":{"line":36,"column":46},"end":{"line":36,"column":61}},"5":{"start":{"line":38,"column":18},"end":{"line":40,"column":3}},"6":{"start":{"line":39,"column":4},"end":{"line":39,"column":65}},"7":{"start":{"line":39,"column":40},"end":{"line":39,"column":64}},"8":{"start":{"line":41,"column":20},"end":{"line":41,"column":65}},"9":{"start":{"line":41,"column":43},"end":{"line":41,"column":64}},"10":{"start":{"line":42,"column":21},"end":{"line":42,"column":70}},"11":{"start":{"line":42,"column":46},"end":{"line":42,"column":69}},"12":{"start":{"line":44,"column":2},"end":{"line":49,"column":6}},"13":{"start":{"line":45,"column":4},"end":{"line":49,"column":6}},"14":{"start":{"line":51,"column":25},"end":{"line":68,"column":3}},"15":{"start":{"line":52,"column":4},"end":{"line":52,"column":26}},"16":{"start":{"line":52,"column":19},"end":{"line":52,"column":26}},"17":{"start":{"line":53,"column":4},"end":{"line":53,"column":23}},"18":{"start":{"line":55,"column":4},"end":{"line":67,"column":5}},"19":{"start":{"line":56,"column":6},"end":{"line":56,"column":43}},"20":{"start":{"line":57,"column":6},"end":{"line":60,"column":14}},"21":{"start":{"line":58,"column":8},"end":{"line":58,"column":54}},"22":{"start":{"line":59,"column":8},"end":{"line":59,"column":28}},"23":{"start":{"line":62,"column":6},"end":{"line":62,"column":38}},"24":{"start":{"line":63,"column":6},"end":{"line":66,"column":14}},"25":{"start":{"line":64,"column":8},"end":{"line":64,"column":49}},"26":{"start":{"line":65,"column":8},"end":{"line":65,"column":28}},"27":{"start":{"line":70,"column":26},"end":{"line":77,"column":3}},"28":{"start":{"line":71,"column":4},"end":{"line":71,"column":28}},"29":{"start":{"line":72,"column":4},"end":{"line":72,"column":31}},"30":{"start":{"line":73,"column":4},"end":{"line":76,"column":12}},"31":{"start":{"line":74,"column":6},"end":{"line":74,"column":42}},"32":{"start":{"line":75,"column":6},"end":{"line":75,"column":31}},"33":{"start":{"line":79,"column":2},"end":{"line":243,"column":4}},"34":{"start":{"line":83,"column":25},"end":{"line":83,"column":37}}},"fnMap":{"0":{"name":"ProductDetail","decl":{"start":{"line":31,"column":9},"end":{"line":31,"column":22}},"loc":{"start":{"line":31,"column":25},"end":{"line":244,"column":1}},"line":31},"1":{"name":"(anonymous_1)","decl":{"start":{"line":38,"column":30},"end":{"line":38,"column":31}},"loc":{"start":{"line":39,"column":4},"end":{"line":39,"column":65}},"line":39},"2":{"name":"(anonymous_2)","decl":{"start":{"line":39,"column":30},"end":{"line":39,"column":31}},"loc":{"start":{"line":39,"column":40},"end":{"line":39,"column":64}},"line":39},"3":{"name":"(anonymous_3)","decl":{"start":{"line":41,"column":32},"end":{"line":41,"column":33}},"loc":{"start":{"line":41,"column":43},"end":{"line":41,"column":64}},"line":41},"4":{"name":"(anonymous_4)","decl":{"start":{"line":42,"column":36},"end":{"line":42,"column":37}},"loc":{"start":{"line":42,"column":46},"end":{"line":42,"column":69}},"line":42},"5":{"name":"(anonymous_5)","decl":{"start":{"line":51,"column":25},"end":{"line":51,"column":26}},"loc":{"start":{"line":51,"column":31},"end":{"line":68,"column":3}},"line":51},"6":{"name":"(anonymous_6)","decl":{"start":{"line":57,"column":17},"end":{"line":57,"column":18}},"loc":{"start":{"line":57,"column":23},"end":{"line":60,"column":7}},"line":57},"7":{"name":"(anonymous_7)","decl":{"start":{"line":63,"column":17},"end":{"line":63,"column":18}},"loc":{"start":{"line":63,"column":23},"end":{"line":66,"column":7}},"line":63},"8":{"name":"(anonymous_8)","decl":{"start":{"line":70,"column":26},"end":{"line":70,"column":27}},"loc":{"start":{"line":70,"column":32},"end":{"line":77,"column":3}},"line":70},"9":{"name":"(anonymous_9)","decl":{"start":{"line":73,"column":15},"end":{"line":73,"column":16}},"loc":{"start":{"line":73,"column":21},"end":{"line":76,"column":5}},"line":73},"10":{"name":"(anonymous_10)","decl":{"start":{"line":83,"column":19},"end":{"line":83,"column":20}},"loc":{"start":{"line":83,"column":25},"end":{"line":83,"column":37}},"line":83}},"branchMap":{"0":{"loc":{"start":{"line":44,"column":2},"end":{"line":49,"column":6}},"type":"if","locations":[{"start":{"line":44,"column":2},"end":{"line":49,"column":6}},{"start":{},"end":{}}],"line":44},"1":{"loc":{"start":{"line":52,"column":4},"end":{"line":52,"column":26}},"type":"if","locations":[{"start":{"line":52,"column":4},"end":{"line":52,"column":26}},{"start":{},"end":{}}],"line":52},"2":{"loc":{"start":{"line":55,"column":4},"end":{"line":67,"column":5}},"type":"if","locations":[{"start":{"line":55,"column":4},"end":{"line":67,"column":5}},{"start":{"line":61,"column":11},"end":{"line":67,"column":5}}],"line":55},"3":{"loc":{"start":{"line":141,"column":15},"end":{"line":152,"column":15}},"type":"binary-expr","locations":[{"start":{"line":141,"column":15},"end":{"line":141,"column":29}},{"start":{"line":142,"column":16},"end":{"line":151,"column":22}}],"line":141},"4":{"loc":{"start":{"line":180,"column":18},"end":{"line":184,"column":19}},"type":"cond-expr","locations":[{"start":{"line":181,"column":20},"end":{"line":181,"column":66}},{"start":{"line":183,"column":20},"end":{"line":183,"column":40}}],"line":180},"5":{"loc":{"start":{"line":203,"column":18},"end":{"line":203,"column":75}},"type":"cond-expr","locations":[{"start":{"line":203,"column":31},"end":{"line":203,"column":54}},{"start":{"line":203,"column":57},"end":{"line":203,"column":75}}],"line":203},"6":{"loc":{"start":{"line":206,"column":18},"end":{"line":212,"column":19}},"type":"cond-expr","locations":[{"start":{"line":207,"column":20},"end":{"line":207,"column":50}},{"start":{"line":208,"column":22},"end":{"line":212,"column":19}}],"line":206},"7":{"loc":{"start":{"line":208,"column":22},"end":{"line":212,"column":19}},"type":"cond-expr","locations":[{"start":{"line":209,"column":20},"end":{"line":209,"column":50}},{"start":{"line":211,"column":20},"end":{"line":211,"column":42}}],"line":208},"8":{"loc":{"start":{"line":217,"column":31},"end":{"line":217,"column":68}},"type":"cond-expr","locations":[{"start":{"line":217,"column":44},"end":{"line":217,"column":56}},{"start":{"line":217,"column":59},"end":{"line":217,"column":68}}],"line":217},"9":{"loc":{"start":{"line":218,"column":25},"end":{"line":218,"column":62}},"type":"cond-expr","locations":[{"start":{"line":218,"column":38},"end":{"line":218,"column":50}},{"start":{"line":218,"column":53},"end":{"line":218,"column":62}}],"line":218},"10":{"loc":{"start":{"line":221,"column":17},"end":{"line":221,"column":46}},"type":"cond-expr","locations":[{"start":{"line":221,"column":30},"end":{"line":221,"column":37}},{"start":{"line":221,"column":40},"end":{"line":221,"column":46}}],"line":221}},"s":{"0":7,"1":7,"2":7,"3":7,"4":7,"5":7,"6":14,"7":10,"8":7,"9":14,"10":7,"11":0,"12":7,"13":2,"14":5,"15":1,"16":0,"17":1,"18":1,"19":0,"20":0,"21":0,"22":0,"23":1,"24":1,"25":0,"26":0,"27":5,"28":1,"29":1,"30":1,"31":0,"32":0,"33":5,"34":0},"f":{"0":7,"1":14,"2":10,"3":14,"4":0,"5":1,"6":0,"7":0,"8":1,"9":0,"10":0},"b":{"0":[2,5],"1":[0,1],"2":[0,1],"3":[5,5],"4":[1,4],"5":[0,5],"6":[1,4],"7":[0,4],"8":[0,5],"9":[0,5],"10":[0,5]},"_coverageSchema":"1a1c01bbd47fc00a2c39e90264f33305004495a9","hash":"fd90af694b687cd05e1ee937bed2be283bd8aeff"}
,"C:\\Users\\being\\Repo\\product\\src\\components\\productList.js": {"path":"C:\\Users\\being\\Repo\\product\\src\\components\\productList.js","statementMap":{"0":{"start":{"line":28,"column":19},"end":{"line":28,"column":32}},"1":{"start":{"line":29,"column":35},"end":{"line":29,"column":73}},"2":{"start":{"line":29,"column":58},"end":{"line":29,"column":72}},"3":{"start":{"line":30,"column":43},"end":{"line":32,"column":3}},"4":{"start":{"line":31,"column":15},"end":{"line":31,"column":28}},"5":{"start":{"line":34,"column":2},"end":{"line":36,"column":25}},"6":{"start":{"line":35,"column":4},"end":{"line":35,"column":53}},"7":{"start":{"line":35,"column":27},"end":{"line":35,"column":53}},"8":{"start":{"line":38,"column":26},"end":{"line":41,"column":3}},"9":{"start":{"line":39,"column":10},"end":{"line":39,"column":64}},"10":{"start":{"line":39,"column":29},"end":{"line":39,"column":58}},"11":{"start":{"line":43,"column":27},"end":{"line":58,"column":43}},"12":{"start":{"line":44,"column":4},"end":{"line":57,"column":9}},"13":{"start":{"line":46,"column":30},"end":{"line":48,"column":53}},"14":{"start":{"line":50,"column":10},"end":{"line":50,"column":61}},"15":{"start":{"line":51,"column":8},"end":{"line":51,"column":48}},"16":{"start":{"line":54,"column":8},"end":{"line":54,"column":61}},"17":{"start":{"line":54,"column":36},"end":{"line":54,"column":61}},"18":{"start":{"line":55,"column":8},"end":{"line":55,"column":62}},"19":{"start":{"line":55,"column":37},"end":{"line":55,"column":62}},"20":{"start":{"line":56,"column":8},"end":{"line":56,"column":17}},"21":{"start":{"line":60,"column":2},"end":{"line":74,"column":6}},"22":{"start":{"line":61,"column":4},"end":{"line":74,"column":6}},"23":{"start":{"line":76,"column":2},"end":{"line":88,"column":6}},"24":{"start":{"line":77,"column":4},"end":{"line":88,"column":6}},"25":{"start":{"line":90,"column":2},"end":{"line":208,"column":4}},"26":{"start":{"line":103,"column":27},"end":{"line":103,"column":58}},"27":{"start":{"line":122,"column":29},"end":{"line":122,"column":66}},"28":{"start":{"line":143,"column":29},"end":{"line":143,"column":64}},"29":{"start":{"line":200,"column":14},"end":{"line":202,"column":21}}},"fnMap":{"0":{"name":"ProductList","decl":{"start":{"line":27,"column":9},"end":{"line":27,"column":20}},"loc":{"start":{"line":27,"column":23},"end":{"line":209,"column":1}},"line":27},"1":{"name":"(anonymous_1)","decl":{"start":{"line":29,"column":47},"end":{"line":29,"column":48}},"loc":{"start":{"line":29,"column":58},"end":{"line":29,"column":72}},"line":29},"2":{"name":"(anonymous_2)","decl":{"start":{"line":31,"column":4},"end":{"line":31,"column":5}},"loc":{"start":{"line":31,"column":15},"end":{"line":31,"column":28}},"line":31},"3":{"name":"(anonymous_3)","decl":{"start":{"line":34,"column":12},"end":{"line":34,"column":13}},"loc":{"start":{"line":34,"column":18},"end":{"line":36,"column":3}},"line":34},"4":{"name":"(anonymous_4)","decl":{"start":{"line":39,"column":4},"end":{"line":39,"column":5}},"loc":{"start":{"line":39,"column":10},"end":{"line":39,"column":64}},"line":39},"5":{"name":"(anonymous_5)","decl":{"start":{"line":39,"column":19},"end":{"line":39,"column":20}},"loc":{"start":{"line":39,"column":29},"end":{"line":39,"column":58}},"line":39},"6":{"name":"(anonymous_6)","decl":{"start":{"line":43,"column":35},"end":{"line":43,"column":36}},"loc":{"start":{"line":43,"column":41},"end":{"line":58,"column":3}},"line":43},"7":{"name":"(anonymous_7)","decl":{"start":{"line":45,"column":14},"end":{"line":45,"column":15}},"loc":{"start":{"line":45,"column":27},"end":{"line":52,"column":7}},"line":45},"8":{"name":"(anonymous_8)","decl":{"start":{"line":53,"column":12},"end":{"line":53,"column":13}},"loc":{"start":{"line":53,"column":22},"end":{"line":57,"column":7}},"line":53},"9":{"name":"(anonymous_9)","decl":{"start":{"line":103,"column":20},"end":{"line":103,"column":21}},"loc":{"start":{"line":103,"column":27},"end":{"line":103,"column":58}},"line":103},"10":{"name":"(anonymous_10)","decl":{"start":{"line":122,"column":22},"end":{"line":122,"column":23}},"loc":{"start":{"line":122,"column":29},"end":{"line":122,"column":66}},"line":122},"11":{"name":"(anonymous_11)","decl":{"start":{"line":143,"column":22},"end":{"line":143,"column":23}},"loc":{"start":{"line":143,"column":29},"end":{"line":143,"column":64}},"line":143},"12":{"name":"(anonymous_12)","decl":{"start":{"line":199,"column":34},"end":{"line":199,"column":35}},"loc":{"start":{"line":200,"column":14},"end":{"line":202,"column":21}},"line":200}},"branchMap":{"0":{"loc":{"start":{"line":35,"column":4},"end":{"line":35,"column":53}},"type":"if","locations":[{"start":{"line":35,"column":4},"end":{"line":35,"column":53}},{"start":{},"end":{}}],"line":35},"1":{"loc":{"start":{"line":48,"column":21},"end":{"line":48,"column":37}},"type":"binary-expr","locations":[{"start":{"line":48,"column":21},"end":{"line":48,"column":31}},{"start":{"line":48,"column":35},"end":{"line":48,"column":37}}],"line":48},"2":{"loc":{"start":{"line":50,"column":10},"end":{"line":50,"column":61}},"type":"binary-expr","locations":[{"start":{"line":50,"column":10},"end":{"line":50,"column":28}},{"start":{"line":50,"column":32},"end":{"line":50,"column":61}}],"line":50},"3":{"loc":{"start":{"line":51,"column":15},"end":{"line":51,"column":47}},"type":"binary-expr","locations":[{"start":{"line":51,"column":15},"end":{"line":51,"column":28}},{"start":{"line":51,"column":32},"end":{"line":51,"column":47}}],"line":51},"4":{"loc":{"start":{"line":54,"column":8},"end":{"line":54,"column":61}},"type":"if","locations":[{"start":{"line":54,"column":8},"end":{"line":54,"column":61}},{"start":{},"end":{}}],"line":54},"5":{"loc":{"start":{"line":55,"column":8},"end":{"line":55,"column":62}},"type":"if","locations":[{"start":{"line":55,"column":8},"end":{"line":55,"column":62}},{"start":{},"end":{}}],"line":55},"6":{"loc":{"start":{"line":60,"column":2},"end":{"line":74,"column":6}},"type":"if","locations":[{"start":{"line":60,"column":2},"end":{"line":74,"column":6}},{"start":{},"end":{}}],"line":60},"7":{"loc":{"start":{"line":76,"column":2},"end":{"line":88,"column":6}},"type":"if","locations":[{"start":{"line":76,"column":2},"end":{"line":88,"column":6}},{"start":{},"end":{}}],"line":76},"8":{"loc":{"start":{"line":158,"column":9},"end":{"line":205,"column":9}},"type":"cond-expr","locations":[{"start":{"line":159,"column":10},"end":{"line":176,"column":16}},{"start":{"line":178,"column":10},"end":{"line":204,"column":17}}],"line":158}},"s":{"0":4,"1":4,"2":8,"3":4,"4":8,"5":4,"6":2,"7":0,"8":4,"9":2,"10":0,"11":4,"12":4,"13":7,"14":7,"15":7,"16":1,"17":0,"18":1,"19":0,"20":1,"21":4,"22":0,"23":4,"24":0,"25":4,"26":0,"27":0,"28":0,"29":4},"f":{"0":4,"1":8,"2":8,"3":2,"4":2,"5":0,"6":4,"7":7,"8":1,"9":0,"10":0,"11":0,"12":4},"b":{"0":[0,2],"1":[7,3],"2":[7,2],"3":[7,5],"4":[0,1],"5":[0,1],"6":[0,4],"7":[0,4],"8":[1,3]},"_coverageSchema":"1a1c01bbd47fc00a2c39e90264f33305004495a9","hash":"b586f9a42fc4c75afe41e931e98f2146326255b5"}
,"C:\\Users\\being\\Repo\\product\\src\\components\\register.js": {"path":"C:\\Users\\being\\Repo\\product\\src\\components\\register.js","statementMap":{"0":{"start":{"line":12,"column":17},"end":{"line":173,"column":1}},"1":{"start":{"line":13,"column":34},"end":{"line":19,"column":4}},"2":{"start":{"line":20,"column":32},"end":{"line":20,"column":47}},"3":{"start":{"line":21,"column":32},"end":{"line":21,"column":44}},"4":{"start":{"line":22,"column":28},"end":{"line":22,"column":40}},"5":{"start":{"line":24,"column":23},"end":{"line":25,"column":65}},"6":{"start":{"line":25,"column":4},"end":{"line":25,"column":65}},"7":{"start":{"line":27,"column":23},"end":{"line":72,"column":3}},"8":{"start":{"line":28,"column":4},"end":{"line":28,"column":23}},"9":{"start":{"line":29,"column":4},"end":{"line":29,"column":17}},"10":{"start":{"line":30,"column":4},"end":{"line":30,"column":19}},"11":{"start":{"line":31,"column":4},"end":{"line":31,"column":21}},"12":{"start":{"line":33,"column":4},"end":{"line":71,"column":5}},"13":{"start":{"line":34,"column":18},"end":{"line":54,"column":8}},"14":{"start":{"line":56,"column":6},"end":{"line":56,"column":61}},"15":{"start":{"line":56,"column":19},"end":{"line":56,"column":61}},"16":{"start":{"line":58,"column":19},"end":{"line":58,"column":35}},"17":{"start":{"line":59,"column":6},"end":{"line":59,"column":50}},"18":{"start":{"line":60,"column":6},"end":{"line":66,"column":9}},"19":{"start":{"line":68,"column":6},"end":{"line":68,"column":28}},"20":{"start":{"line":70,"column":6},"end":{"line":70,"column":24}},"21":{"start":{"line":74,"column":2},"end":{"line":172,"column":4}}},"fnMap":{"0":{"name":"(anonymous_0)","decl":{"start":{"line":12,"column":17},"end":{"line":12,"column":18}},"loc":{"start":{"line":12,"column":40},"end":{"line":173,"column":1}},"line":12},"1":{"name":"(anonymous_1)","decl":{"start":{"line":24,"column":23},"end":{"line":24,"column":24}},"loc":{"start":{"line":25,"column":4},"end":{"line":25,"column":65}},"line":25},"2":{"name":"(anonymous_2)","decl":{"start":{"line":27,"column":23},"end":{"line":27,"column":24}},"loc":{"start":{"line":27,"column":36},"end":{"line":72,"column":3}},"line":27}},"branchMap":{"0":{"loc":{"start":{"line":56,"column":6},"end":{"line":56,"column":61}},"type":"if","locations":[{"start":{"line":56,"column":6},"end":{"line":56,"column":61}},{"start":{},"end":{}}],"line":56},"1":{"loc":{"start":{"line":139,"column":11},"end":{"line":143,"column":11}},"type":"binary-expr","locations":[{"start":{"line":139,"column":11},"end":{"line":139,"column":16}},{"start":{"line":140,"column":12},"end":{"line":142,"column":20}}],"line":139},"2":{"loc":{"start":{"line":144,"column":11},"end":{"line":148,"column":11}},"type":"binary-expr","locations":[{"start":{"line":144,"column":11},"end":{"line":144,"column":18}},{"start":{"line":145,"column":12},"end":{"line":147,"column":20}}],"line":144},"3":{"loc":{"start":{"line":158,"column":13},"end":{"line":158,"column":82}},"type":"cond-expr","locations":[{"start":{"line":158,"column":23},"end":{"line":158,"column":69}},{"start":{"line":158,"column":72},"end":{"line":158,"column":82}}],"line":158}},"s":{"0":2,"1":12,"2":12,"3":12,"4":12,"5":12,"6":6,"7":12,"8":1,"9":1,"10":1,"11":1,"12":1,"13":1,"14":1,"15":0,"16":1,"17":1,"18":1,"19":0,"20":1,"21":12},"f":{"0":12,"1":6,"2":1},"b":{"0":[0,1],"1":[12,0],"2":[12,1],"3":[1,11]},"_coverageSchema":"1a1c01bbd47fc00a2c39e90264f33305004495a9","hash":"cda70a8fd466c71621e61282acdf04ea9cbafd83"}
,"C:\\Users\\being\\Repo\\product\\src\\reducers\\cartReducer.js": {"path":"C:\\Users\\being\\Repo\\product\\src\\reducers\\cartReducer.js","statementMap":{"0":{"start":{"line":3,"column":18},"end":{"line":44,"column":2}},"1":{"start":{"line":11,"column":6},"end":{"line":11,"column":27}},"2":{"start":{"line":14,"column":27},"end":{"line":16,"column":7}},"3":{"start":{"line":15,"column":18},"end":{"line":15,"column":55}},"4":{"start":{"line":17,"column":6},"end":{"line":21,"column":7}},"5":{"start":{"line":18,"column":8},"end":{"line":18,"column":35}},"6":{"start":{"line":20,"column":8},"end":{"line":20,"column":67}},"7":{"start":{"line":22,"column":6},"end":{"line":22,"column":28}},"8":{"start":{"line":25,"column":6},"end":{"line":25,"column":27}},"9":{"start":{"line":28,"column":6},"end":{"line":30,"column":8}},"10":{"start":{"line":29,"column":18},"end":{"line":29,"column":55}},"11":{"start":{"line":31,"column":6},"end":{"line":31,"column":28}},"12":{"start":{"line":34,"column":38},"end":{"line":34,"column":52}},"13":{"start":{"line":35,"column":19},"end":{"line":35,"column":76}},"14":{"start":{"line":35,"column":46},"end":{"line":35,"column":75}},"15":{"start":{"line":36,"column":6},"end":{"line":38,"column":7}},"16":{"start":{"line":37,"column":8},"end":{"line":37,"column":33}},"17":{"start":{"line":41,"column":6},"end":{"line":41,"column":23}},"18":{"start":{"line":53,"column":4},"end":{"line":53,"column":21}}},"fnMap":{"0":{"name":"(anonymous_0)","decl":{"start":{"line":10,"column":20},"end":{"line":10,"column":21}},"loc":{"start":{"line":10,"column":31},"end":{"line":12,"column":5}},"line":10},"1":{"name":"(anonymous_1)","decl":{"start":{"line":13,"column":22},"end":{"line":13,"column":23}},"loc":{"start":{"line":13,"column":41},"end":{"line":23,"column":5}},"line":13},"2":{"name":"(anonymous_2)","decl":{"start":{"line":15,"column":8},"end":{"line":15,"column":9}},"loc":{"start":{"line":15,"column":18},"end":{"line":15,"column":55}},"line":15},"3":{"name":"(anonymous_3)","decl":{"start":{"line":24,"column":25},"end":{"line":24,"column":26}},"loc":{"start":{"line":24,"column":36},"end":{"line":26,"column":5}},"line":24},"4":{"name":"(anonymous_4)","decl":{"start":{"line":27,"column":27},"end":{"line":27,"column":28}},"loc":{"start":{"line":27,"column":46},"end":{"line":32,"column":5}},"line":27},"5":{"name":"(anonymous_5)","decl":{"start":{"line":29,"column":8},"end":{"line":29,"column":9}},"loc":{"start":{"line":29,"column":18},"end":{"line":29,"column":55}},"line":29},"6":{"name":"(anonymous_6)","decl":{"start":{"line":33,"column":20},"end":{"line":33,"column":21}},"loc":{"start":{"line":33,"column":39},"end":{"line":39,"column":5}},"line":33},"7":{"name":"(anonymous_7)","decl":{"start":{"line":35,"column":36},"end":{"line":35,"column":37}},"loc":{"start":{"line":35,"column":46},"end":{"line":35,"column":75}},"line":35},"8":{"name":"(anonymous_8)","decl":{"start":{"line":40,"column":15},"end":{"line":40,"column":16}},"loc":{"start":{"line":40,"column":26},"end":{"line":42,"column":5}},"line":40}},"branchMap":{"0":{"loc":{"start":{"line":17,"column":6},"end":{"line":21,"column":7}},"type":"if","locations":[{"start":{"line":17,"column":6},"end":{"line":21,"column":7}},{"start":{"line":19,"column":13},"end":{"line":21,"column":7}}],"line":17},"1":{"loc":{"start":{"line":36,"column":6},"end":{"line":38,"column":7}},"type":"if","locations":[{"start":{"line":36,"column":6},"end":{"line":38,"column":7}},{"start":{},"end":{}}],"line":36}},"s":{"0":9,"1":3,"2":6,"3":3,"4":6,"5":2,"6":4,"7":6,"8":2,"9":1,"10":1,"11":1,"12":1,"13":1,"14":1,"15":1,"16":1,"17":3,"18":9},"f":{"0":3,"1":6,"2":3,"3":2,"4":1,"5":1,"6":1,"7":1,"8":3},"b":{"0":[2,4],"1":[1,0]},"_coverageSchema":"1a1c01bbd47fc00a2c39e90264f33305004495a9","hash":"2f606047e160a21d5a6ef24219aded5cfab1e2a6"}
,"C:\\Users\\being\\Repo\\product\\src\\reducers\\favoritesReducer.js": {"path":"C:\\Users\\being\\Repo\\product\\src\\reducers\\favoritesReducer.js","statementMap":{"0":{"start":{"line":3,"column":23},"end":{"line":32,"column":2}},"1":{"start":{"line":11,"column":6},"end":{"line":11,"column":27}},"2":{"start":{"line":14,"column":22},"end":{"line":14,"column":36}},"3":{"start":{"line":15,"column":21},"end":{"line":15,"column":71}},"4":{"start":{"line":15,"column":48},"end":{"line":15,"column":70}},"5":{"start":{"line":16,"column":6},"end":{"line":18,"column":7}},"6":{"start":{"line":17,"column":8},"end":{"line":17,"column":34}},"7":{"start":{"line":19,"column":6},"end":{"line":19,"column":28}},"8":{"start":{"line":22,"column":6},"end":{"line":22,"column":27}},"9":{"start":{"line":25,"column":6},"end":{"line":25,"column":80}},"10":{"start":{"line":25,"column":49},"end":{"line":25,"column":78}},"11":{"start":{"line":26,"column":6},"end":{"line":26,"column":28}},"12":{"start":{"line":29,"column":6},"end":{"line":29,"column":37}},"13":{"start":{"line":40,"column":4},"end":{"line":40,"column":26}}},"fnMap":{"0":{"name":"(anonymous_0)","decl":{"start":{"line":10,"column":25},"end":{"line":10,"column":26}},"loc":{"start":{"line":10,"column":36},"end":{"line":12,"column":5}},"line":10},"1":{"name":"(anonymous_1)","decl":{"start":{"line":13,"column":27},"end":{"line":13,"column":28}},"loc":{"start":{"line":13,"column":46},"end":{"line":20,"column":5}},"line":13},"2":{"name":"(anonymous_2)","decl":{"start":{"line":15,"column":38},"end":{"line":15,"column":39}},"loc":{"start":{"line":15,"column":48},"end":{"line":15,"column":70}},"line":15},"3":{"name":"(anonymous_3)","decl":{"start":{"line":21,"column":30},"end":{"line":21,"column":31}},"loc":{"start":{"line":21,"column":41},"end":{"line":23,"column":5}},"line":21},"4":{"name":"(anonymous_4)","decl":{"start":{"line":24,"column":32},"end":{"line":24,"column":33}},"loc":{"start":{"line":24,"column":51},"end":{"line":27,"column":5}},"line":24},"5":{"name":"(anonymous_5)","decl":{"start":{"line":25,"column":39},"end":{"line":25,"column":40}},"loc":{"start":{"line":25,"column":49},"end":{"line":25,"column":78}},"line":25},"6":{"name":"(anonymous_6)","decl":{"start":{"line":28,"column":25},"end":{"line":28,"column":26}},"loc":{"start":{"line":28,"column":44},"end":{"line":30,"column":5}},"line":28}},"branchMap":{"0":{"loc":{"start":{"line":16,"column":6},"end":{"line":18,"column":7}},"type":"if","locations":[{"start":{"line":16,"column":6},"end":{"line":18,"column":7}},{"start":{},"end":{}}],"line":16}},"s":{"0":6,"1":2,"2":0,"3":0,"4":0,"5":0,"6":0,"7":0,"8":0,"9":0,"10":0,"11":0,"12":0,"13":6},"f":{"0":2,"1":0,"2":0,"3":0,"4":0,"5":0,"6":0},"b":{"0":[0,0]},"_coverageSchema":"1a1c01bbd47fc00a2c39e90264f33305004495a9","hash":"18bb0a1b6175ee19939825abea17b053851a2c4a"}
,"C:\\Users\\being\\Repo\\product\\src\\reducers\\filtersReducer.js": {"path":"C:\\Users\\being\\Repo\\product\\src\\reducers\\filtersReducer.js","statementMap":{"0":{"start":{"line":3,"column":21},"end":{"line":25,"column":2}},"1":{"start":{"line":13,"column":6},"end":{"line":13,"column":40}},"2":{"start":{"line":16,"column":6},"end":{"line":16,"column":38}},"3":{"start":{"line":19,"column":6},"end":{"line":19,"column":36}},"4":{"start":{"line":22,"column":6},"end":{"line":22,"column":40}},"5":{"start":{"line":28,"column":2},"end":{"line":28,"column":22}}},"fnMap":{"0":{"name":"(anonymous_0)","decl":{"start":{"line":12,"column":19},"end":{"line":12,"column":20}},"loc":{"start":{"line":12,"column":38},"end":{"line":14,"column":5}},"line":12},"1":{"name":"(anonymous_1)","decl":{"start":{"line":15,"column":17},"end":{"line":15,"column":18}},"loc":{"start":{"line":15,"column":36},"end":{"line":17,"column":5}},"line":15},"2":{"name":"(anonymous_2)","decl":{"start":{"line":18,"column":15},"end":{"line":18,"column":16}},"loc":{"start":{"line":18,"column":34},"end":{"line":20,"column":5}},"line":18},"3":{"name":"(anonymous_3)","decl":{"start":{"line":21,"column":19},"end":{"line":21,"column":20}},"loc":{"start":{"line":21,"column":38},"end":{"line":23,"column":5}},"line":21}},"branchMap":{},"s":{"0":3,"1":1,"2":1,"3":0,"4":0,"5":3},"f":{"0":1,"1":1,"2":0,"3":0},"b":{},"_coverageSchema":"1a1c01bbd47fc00a2c39e90264f33305004495a9","hash":"2bb8ecc4e37e3c5ef0311e1b70c3496af35f7f6e"}
,"C:\\Users\\being\\Repo\\product\\src\\reducers\\productsReducer.js": {"path":"C:\\Users\\being\\Repo\\product\\src\\reducers\\productsReducer.js","statementMap":{"0":{"start":{"line":3,"column":29},"end":{"line":9,"column":1}},"1":{"start":{"line":6,"column":21},"end":{"line":6,"column":69}},"2":{"start":{"line":7,"column":4},"end":{"line":7,"column":27}},"3":{"start":{"line":11,"column":22},"end":{"line":33,"column":2}},"4":{"start":{"line":20,"column":4},"end":{"line":31,"column":9}},"5":{"start":{"line":22,"column":8},"end":{"line":22,"column":33}},"6":{"start":{"line":25,"column":8},"end":{"line":25,"column":35}},"7":{"start":{"line":26,"column":8},"end":{"line":26,"column":37}},"8":{"start":{"line":29,"column":8},"end":{"line":29,"column":32}},"9":{"start":{"line":30,"column":8},"end":{"line":30,"column":43}}},"fnMap":{"0":{"name":"(anonymous_0)","decl":{"start":{"line":5,"column":2},"end":{"line":5,"column":3}},"loc":{"start":{"line":5,"column":14},"end":{"line":8,"column":3}},"line":5},"1":{"name":"(anonymous_1)","decl":{"start":{"line":19,"column":17},"end":{"line":19,"column":18}},"loc":{"start":{"line":19,"column":30},"end":{"line":32,"column":3}},"line":19},"2":{"name":"(anonymous_2)","decl":{"start":{"line":21,"column":38},"end":{"line":21,"column":39}},"loc":{"start":{"line":21,"column":49},"end":{"line":23,"column":7}},"line":21},"3":{"name":"(anonymous_3)","decl":{"start":{"line":24,"column":40},"end":{"line":24,"column":41}},"loc":{"start":{"line":24,"column":59},"end":{"line":27,"column":7}},"line":24},"4":{"name":"(anonymous_4)","decl":{"start":{"line":28,"column":39},"end":{"line":28,"column":40}},"loc":{"start":{"line":28,"column":58},"end":{"line":31,"column":7}},"line":28}},"branchMap":{},"s":{"0":6,"1":2,"2":2,"3":6,"4":6,"5":3,"6":3,"7":3,"8":1,"9":1},"f":{"0":2,"1":6,"2":3,"3":3,"4":1},"b":{},"_coverageSchema":"1a1c01bbd47fc00a2c39e90264f33305004495a9","hash":"1f90d8c28bcd7d6f182e426ca8043b8e740023d0"}
}
