TN:
SF:src\App.js
FN:22,Navbar
FN:23,(anonymous_1)
FN:24,(anonymous_2)
FN:30,(anonymous_3)
FN:31,(anonymous_4)
FN:76,App
FN:79,(anonymous_6)
FN:80,(anonymous_7)
FN:94,(anonymous_8)
FN:95,(anonymous_9)
FNF:10
FNH:1
FNDA:0,Navbar
FNDA:0,(anonymous_1)
FNDA:0,(anonymous_2)
FNDA:0,(anonymous_3)
FNDA:0,(anonymous_4)
FNDA:10,App
FNDA:0,(anonymous_6)
FNDA:0,(anonymous_7)
FNDA:0,(anonymous_8)
FNDA:0,(anonymous_9)
DA:23,0
DA:24,0
DA:26,0
DA:27,0
DA:28,0
DA:30,0
DA:31,0
DA:33,0
DA:77,10
DA:79,9
DA:80,9
DA:81,0
DA:82,0
DA:85,9
DA:94,0
DA:95,0
LF:16
LH:4
BRDA:46,0,0,0
BRDA:46,0,1,0
BRDA:89,1,0,9
BRDA:89,1,1,0
BRDA:91,2,0,9
BRDA:91,2,1,0
BRF:6
BRH:2
end_of_record
TN:
SF:src\components\cart.js
FN:27,Cart
FN:30,(anonymous_1)
FN:31,(anonymous_2)
FN:33,(anonymous_3)
FN:35,(anonymous_4)
FN:40,(anonymous_5)
FN:42,(anonymous_6)
FN:57,(anonymous_7)
FN:78,(anonymous_8)
FN:88,(anonymous_9)
FN:137,(anonymous_10)
FN:165,(anonymous_11)
FN:177,(anonymous_12)
FN:244,(anonymous_13)
FNF:14
FNH:9
FNDA:14,Cart
FNDA:28,(anonymous_1)
FNDA:28,(anonymous_2)
FNDA:1,(anonymous_3)
FNDA:0,(anonymous_4)
FNDA:22,(anonymous_5)
FNDA:24,(anonymous_6)
FNDA:0,(anonymous_7)
FNDA:0,(anonymous_8)
FNDA:12,(anonymous_9)
FNDA:0,(anonymous_10)
FNDA:0,(anonymous_11)
FNDA:1,(anonymous_12)
FNDA:1,(anonymous_13)
DA:28,14
DA:29,14
DA:30,28
DA:31,28
DA:33,14
DA:34,1
DA:35,1
DA:36,0
DA:40,14
DA:41,22
DA:43,24
DA:48,14
DA:57,0
DA:78,0
DA:89,12
DA:138,0
DA:139,0
DA:166,0
DA:177,1
DA:244,1
LF:20
LH:14
BRDA:43,0,0,24
BRDA:43,0,1,0
BRDA:50,1,0,14
BRDA:50,1,1,2
BRDA:68,2,0,3
BRDA:68,2,1,11
BRDA:138,3,0,0
BRDA:138,3,1,0
BRF:8
BRH:5
end_of_record
TN:
SF:src\components\favorites.js
FN:14,Favorites
FN:15,(anonymous_1)
FN:77,(anonymous_2)
FNF:3
FNH:3
FNDA:1,Favorites
FNDA:2,(anonymous_1)
FNDA:1,(anonymous_2)
DA:15,2
DA:17,1
DA:78,1
LF:3
LH:3
BRDA:38,0,0,0
BRDA:38,0,1,1
BRF:2
BRH:1
end_of_record
TN:
SF:src\components\forgotPassword.js
FN:11,(anonymous_0)
FN:15,(anonymous_1)
FN:45,(anonymous_2)
FNF:3
FNH:3
FNDA:7,(anonymous_0)
FNDA:1,(anonymous_1)
FNDA:2,(anonymous_2)
DA:11,2
DA:12,7
DA:13,7
DA:15,7
DA:16,1
DA:17,1
DA:20,1
DA:23,7
DA:45,2
LF:9
LH:9
BRDA:59,0,0,7
BRDA:59,0,1,1
BRF:2
BRH:2
end_of_record
TN:
SF:src\components\login.js
FN:13,(anonymous_0)
FN:20,(anonymous_1)
FN:48,(anonymous_2)
FN:52,(anonymous_3)
FN:86,(anonymous_4)
FN:96,(anonymous_5)
FNF:6
FNH:4
FNDA:11,(anonymous_0)
FNDA:1,(anonymous_1)
FNDA:0,(anonymous_2)
FNDA:0,(anonymous_3)
FNDA:2,(anonymous_4)
FNDA:2,(anonymous_5)
DA:13,2
DA:14,11
DA:15,11
DA:16,11
DA:17,11
DA:18,11
DA:20,11
DA:21,1
DA:22,1
DA:23,1
DA:25,1
DA:26,1
DA:35,1
DA:37,0
DA:38,0
DA:39,0
DA:40,0
DA:42,1
DA:44,1
DA:48,11
DA:49,0
DA:52,11
DA:53,0
DA:56,11
DA:86,2
DA:96,2
LF:26
LH:20
BRDA:35,0,0,1
BRDA:35,0,1,0
BRDA:100,1,0,11
BRDA:100,1,1,1
BRDA:114,2,0,1
BRDA:114,2,1,10
BRF:6
BRH:5
end_of_record
TN:
SF:src\components\productCard.js
FN:26,ProductCard
FN:28,(anonymous_1)
FN:31,(anonymous_2)
FN:33,(anonymous_3)
FN:39,(anonymous_4)
FN:45,(anonymous_5)
FN:52,(anonymous_6)
FN:56,(anonymous_7)
FNF:8
FNH:5
FNDA:13,ProductCard
FNDA:28,(anonymous_1)
FNDA:3,(anonymous_2)
FNDA:1,(anonymous_3)
FNDA:0,(anonymous_4)
FNDA:0,(anonymous_5)
FNDA:1,(anonymous_6)
FNDA:0,(anonymous_7)
DA:27,13
DA:28,28
DA:29,13
DA:30,13
DA:31,13
DA:33,13
DA:34,1
DA:35,1
DA:37,1
DA:38,0
DA:39,0
DA:40,0
DA:41,0
DA:44,1
DA:45,1
DA:46,0
DA:47,0
DA:52,13
DA:53,1
DA:54,1
DA:55,1
DA:56,1
DA:57,0
DA:58,0
DA:62,13
LF:25
LH:17
BRDA:34,0,0,0
BRDA:34,0,1,1
BRDA:37,1,0,0
BRDA:37,1,1,1
BRDA:197,2,0,1
BRDA:197,2,1,12
BRDA:216,3,0,3
BRDA:216,3,1,10
BRDA:220,4,0,3
BRDA:220,4,1,10
BRDA:227,5,0,3
BRDA:227,5,1,10
BRDA:228,6,0,13
BRDA:228,6,1,1
BRF:14
BRH:12
end_of_record
TN:
SF:src\components\productDetail.js
FN:31,ProductDetail
FN:38,(anonymous_1)
FN:39,(anonymous_2)
FN:41,(anonymous_3)
FN:42,(anonymous_4)
FN:51,(anonymous_5)
FN:57,(anonymous_6)
FN:63,(anonymous_7)
FN:70,(anonymous_8)
FN:73,(anonymous_9)
FN:83,(anonymous_10)
FNF:11
FNH:6
FNDA:7,ProductDetail
FNDA:14,(anonymous_1)
FNDA:10,(anonymous_2)
FNDA:14,(anonymous_3)
FNDA:0,(anonymous_4)
FNDA:1,(anonymous_5)
FNDA:0,(anonymous_6)
FNDA:0,(anonymous_7)
FNDA:1,(anonymous_8)
FNDA:0,(anonymous_9)
FNDA:0,(anonymous_10)
DA:32,7
DA:33,7
DA:34,7
DA:35,7
DA:36,7
DA:38,7
DA:39,14
DA:41,14
DA:42,7
DA:44,7
DA:45,2
DA:51,5
DA:52,1
DA:53,1
DA:55,1
DA:56,0
DA:57,0
DA:58,0
DA:59,0
DA:62,1
DA:63,1
DA:64,0
DA:65,0
DA:70,5
DA:71,1
DA:72,1
DA:73,1
DA:74,0
DA:75,0
DA:79,5
DA:83,0
LF:31
LH:22
BRDA:44,0,0,2
BRDA:44,0,1,5
BRDA:52,1,0,0
BRDA:52,1,1,1
BRDA:55,2,0,0
BRDA:55,2,1,1
BRDA:141,3,0,5
BRDA:141,3,1,5
BRDA:180,4,0,1
BRDA:180,4,1,4
BRDA:203,5,0,0
BRDA:203,5,1,5
BRDA:206,6,0,1
BRDA:206,6,1,4
BRDA:208,7,0,0
BRDA:208,7,1,4
BRDA:217,8,0,0
BRDA:217,8,1,5
BRDA:218,9,0,0
BRDA:218,9,1,5
BRDA:221,10,0,0
BRDA:221,10,1,5
BRF:22
BRH:15
end_of_record
TN:
SF:src\components\productList.js
FN:27,ProductList
FN:29,(anonymous_1)
FN:31,(anonymous_2)
FN:34,(anonymous_3)
FN:39,(anonymous_4)
FN:39,(anonymous_5)
FN:43,(anonymous_6)
FN:45,(anonymous_7)
FN:53,(anonymous_8)
FN:103,(anonymous_9)
FN:122,(anonymous_10)
FN:143,(anonymous_11)
FN:199,(anonymous_12)
FNF:13
FNH:9
FNDA:4,ProductList
FNDA:8,(anonymous_1)
FNDA:8,(anonymous_2)
FNDA:2,(anonymous_3)
FNDA:2,(anonymous_4)
FNDA:0,(anonymous_5)
FNDA:4,(anonymous_6)
FNDA:7,(anonymous_7)
FNDA:1,(anonymous_8)
FNDA:0,(anonymous_9)
FNDA:0,(anonymous_10)
FNDA:0,(anonymous_11)
FNDA:4,(anonymous_12)
DA:28,4
DA:29,8
DA:30,4
DA:31,8
DA:34,4
DA:35,2
DA:38,4
DA:39,2
DA:43,4
DA:44,4
DA:46,7
DA:50,7
DA:51,7
DA:54,1
DA:55,1
DA:56,1
DA:60,4
DA:61,0
DA:76,4
DA:77,0
DA:90,4
DA:103,0
DA:122,0
DA:143,0
DA:200,4
LF:25
LH:20
BRDA:35,0,0,0
BRDA:35,0,1,2
BRDA:48,1,0,7
BRDA:48,1,1,3
BRDA:50,2,0,7
BRDA:50,2,1,2
BRDA:51,3,0,7
BRDA:51,3,1,5
BRDA:54,4,0,0
BRDA:54,4,1,1
BRDA:55,5,0,0
BRDA:55,5,1,1
BRDA:60,6,0,0
BRDA:60,6,1,4
BRDA:76,7,0,0
BRDA:76,7,1,4
BRDA:158,8,0,1
BRDA:158,8,1,3
BRF:18
BRH:13
end_of_record
TN:
SF:src\components\register.js
FN:12,(anonymous_0)
FN:24,(anonymous_1)
FN:27,(anonymous_2)
FNF:3
FNH:3
FNDA:12,(anonymous_0)
FNDA:6,(anonymous_1)
FNDA:1,(anonymous_2)
DA:12,2
DA:13,12
DA:20,12
DA:21,12
DA:22,12
DA:24,12
DA:25,6
DA:27,12
DA:28,1
DA:29,1
DA:30,1
DA:31,1
DA:33,1
DA:34,1
DA:56,1
DA:58,1
DA:59,1
DA:60,1
DA:68,0
DA:70,1
DA:74,12
LF:21
LH:20
BRDA:56,0,0,0
BRDA:56,0,1,1
BRDA:139,1,0,12
BRDA:139,1,1,0
BRDA:144,2,0,12
BRDA:144,2,1,1
BRDA:158,3,0,1
BRDA:158,3,1,11
BRF:8
BRH:6
end_of_record
TN:
SF:src\reducers\cartReducer.js
FN:10,(anonymous_0)
FN:13,(anonymous_1)
FN:15,(anonymous_2)
FN:24,(anonymous_3)
FN:27,(anonymous_4)
FN:29,(anonymous_5)
FN:33,(anonymous_6)
FN:35,(anonymous_7)
FN:40,(anonymous_8)
FNF:9
FNH:9
FNDA:3,(anonymous_0)
FNDA:6,(anonymous_1)
FNDA:3,(anonymous_2)
FNDA:2,(anonymous_3)
FNDA:1,(anonymous_4)
FNDA:1,(anonymous_5)
FNDA:1,(anonymous_6)
FNDA:1,(anonymous_7)
FNDA:3,(anonymous_8)
DA:3,9
DA:11,3
DA:14,6
DA:15,3
DA:17,6
DA:18,2
DA:20,4
DA:22,6
DA:25,2
DA:28,1
DA:29,1
DA:31,1
DA:34,1
DA:35,1
DA:36,1
DA:37,1
DA:41,3
DA:53,9
LF:18
LH:18
BRDA:17,0,0,2
BRDA:17,0,1,4
BRDA:36,1,0,1
BRDA:36,1,1,0
BRF:4
BRH:3
end_of_record
TN:
SF:src\reducers\favoritesReducer.js
FN:10,(anonymous_0)
FN:13,(anonymous_1)
FN:15,(anonymous_2)
FN:21,(anonymous_3)
FN:24,(anonymous_4)
FN:25,(anonymous_5)
FN:28,(anonymous_6)
FNF:7
FNH:1
FNDA:2,(anonymous_0)
FNDA:0,(anonymous_1)
FNDA:0,(anonymous_2)
FNDA:0,(anonymous_3)
FNDA:0,(anonymous_4)
FNDA:0,(anonymous_5)
FNDA:0,(anonymous_6)
DA:3,6
DA:11,2
DA:14,0
DA:15,0
DA:16,0
DA:17,0
DA:19,0
DA:22,0
DA:25,0
DA:26,0
DA:29,0
DA:40,6
LF:12
LH:3
BRDA:16,0,0,0
BRDA:16,0,1,0
BRF:2
BRH:0
end_of_record
TN:
SF:src\reducers\filtersReducer.js
FN:12,(anonymous_0)
FN:15,(anonymous_1)
FN:18,(anonymous_2)
FN:21,(anonymous_3)
FNF:4
FNH:2
FNDA:1,(anonymous_0)
FNDA:1,(anonymous_1)
FNDA:0,(anonymous_2)
FNDA:0,(anonymous_3)
DA:3,3
DA:13,1
DA:16,1
DA:19,0
DA:22,0
DA:28,3
LF:6
LH:4
BRF:0
BRH:0
end_of_record
TN:
SF:src\reducers\productsReducer.js
FN:5,(anonymous_0)
FN:19,(anonymous_1)
FN:21,(anonymous_2)
FN:24,(anonymous_3)
FN:28,(anonymous_4)
FNF:5
FNH:5
FNDA:2,(anonymous_0)
FNDA:6,(anonymous_1)
FNDA:3,(anonymous_2)
FNDA:3,(anonymous_3)
FNDA:1,(anonymous_4)
DA:3,6
DA:6,2
DA:7,2
DA:11,6
DA:20,6
DA:22,3
DA:25,3
DA:26,3
DA:29,1
DA:30,1
LF:10
LH:10
BRF:0
BRH:0
end_of_record
